<?xml version="1.0" encoding="UTF-8"?>
<coverage generated="1689016965255" clover="3.2.0">
  <project timestamp="1689016965255" name="All files">
    <metrics statements="60" coveredstatements="44" conditionals="22" coveredconditionals="11" methods="27" coveredmethods="22" elements="109" coveredelements="77" complexity="0" loc="60" ncloc="60" packages="5" files="8" classes="8"/>
    <package name="src">
      <metrics statements="2" coveredstatements="2" conditionals="2" coveredconditionals="2" methods="2" coveredmethods="2"/>
      <file name="test-utils.tsx" path="/home/juan/Documentos/Digital-House/Frontend-Specialist-2/Examen-Final/examen-final-FS2/src/test-utils.tsx">
        <metrics statements="2" coveredstatements="2" conditionals="2" coveredconditionals="2" methods="2" coveredmethods="2"/>
        <line num="18" count="8" type="stmt"/>
        <line num="20" count="4" type="stmt"/>
      </file>
    </package>
    <package name="src.app">
      <metrics statements="1" coveredstatements="1" conditionals="0" coveredconditionals="0" methods="0" coveredmethods="0"/>
      <file name="constants.ts" path="/home/juan/Documentos/Digital-House/Frontend-Specialist-2/Examen-Final/examen-final-FS2/src/app/constants.ts">
        <metrics statements="1" coveredstatements="1" conditionals="0" coveredconditionals="0" methods="0" coveredmethods="0"/>
        <line num="1" count="1" type="stmt"/>
      </file>
    </package>
    <package name="src.features.bio">
      <metrics statements="9" coveredstatements="9" conditionals="2" coveredconditionals="2" methods="5" coveredmethods="5"/>
      <file name="Bio.tsx" path="/home/juan/Documentos/Digital-House/Frontend-Specialist-2/Examen-Final/examen-final-FS2/src/features/bio/Bio.tsx">
        <metrics statements="9" coveredstatements="9" conditionals="2" coveredconditionals="2" methods="5" coveredmethods="5"/>
        <line num="9" count="1" type="stmt"/>
        <line num="10" count="4" type="stmt"/>
        <line num="14" count="4" type="stmt"/>
        <line num="15" count="1" type="stmt"/>
        <line num="17" count="4" type="stmt"/>
        <line num="18" count="4" type="stmt"/>
        <line num="19" count="20" type="stmt"/>
        <line num="21" count="1" type="stmt"/>
        <line num="33" count="4" type="stmt"/>
      </file>
    </package>
    <package name="src.features.news">
      <metrics statements="32" coveredstatements="29" conditionals="6" coveredconditionals="6" methods="16" coveredmethods="14"/>
      <file name="ModalSuscripcion.tsx" path="/home/juan/Documentos/Digital-House/Frontend-Specialist-2/Examen-Final/examen-final-FS2/src/features/news/ModalSuscripcion.tsx">
        <metrics statements="3" coveredstatements="3" conditionals="0" coveredconditionals="0" methods="2" coveredmethods="2"/>
        <line num="25" count="2" type="stmt"/>
        <line num="27" count="3" type="stmt"/>
        <line num="30" count="1" type="stmt"/>
      </file>
      <file name="Noticia.tsx" path="/home/juan/Documentos/Digital-House/Frontend-Specialist-2/Examen-Final/examen-final-FS2/src/features/news/Noticia.tsx">
        <metrics statements="3" coveredstatements="3" conditionals="0" coveredconditionals="0" methods="2" coveredmethods="2"/>
        <line num="17" count="2" type="stmt"/>
        <line num="18" count="11" type="stmt"/>
        <line num="24" count="3" type="stmt"/>
      </file>
      <file name="Noticias.tsx" path="/home/juan/Documentos/Digital-House/Frontend-Specialist-2/Examen-Final/examen-final-FS2/src/features/news/Noticias.tsx">
        <metrics statements="17" coveredstatements="14" conditionals="6" coveredconditionals="6" methods="8" coveredmethods="6"/>
        <line num="27" count="1" type="stmt"/>
        <line num="28" count="10" type="stmt"/>
        <line num="29" count="10" type="stmt"/>
        <line num="31" count="10" type="stmt"/>
        <line num="32" count="5" type="stmt"/>
        <line num="33" count="5" type="stmt"/>
        <line num="35" count="12" type="stmt"/>
        <line num="45" count="5" type="stmt"/>
        <line num="48" count="5" type="stmt"/>
        <line num="51" count="10" type="stmt"/>
        <line num="52" count="2" type="stmt"/>
        <line num="55" count="10" type="stmt"/>
        <line num="56" count="0" type="stmt"/>
        <line num="57" count="0" type="stmt"/>
        <line num="58" count="0" type="stmt"/>
        <line num="62" count="10" type="stmt"/>
        <line num="67" count="10" type="stmt"/>
      </file>
      <file name="fakeRest.ts" path="/home/juan/Documentos/Digital-House/Frontend-Specialist-2/Examen-Final/examen-final-FS2/src/features/news/fakeRest.ts">
        <metrics statements="9" coveredstatements="9" conditionals="0" coveredconditionals="0" methods="4" coveredmethods="4"/>
        <line num="10" count="1" type="stmt"/>
        <line num="13" count="3" type="stmt"/>
        <line num="14" count="3" type="stmt"/>
        <line num="15" count="3" type="stmt"/>
        <line num="18" count="1" type="stmt"/>
        <line num="65" count="1" type="stmt"/>
        <line num="66" count="2" type="stmt"/>
        <line num="67" count="2" type="stmt"/>
        <line num="68" count="2" type="stmt"/>
      </file>
    </package>
    <package name="src.features.quote">
      <metrics statements="16" coveredstatements="3" conditionals="12" coveredconditionals="1" methods="4" coveredmethods="1"/>
      <file name="Cita.tsx" path="/home/juan/Documentos/Digital-House/Frontend-Specialist-2/Examen-Final/examen-final-FS2/src/features/quote/Cita.tsx">
        <metrics statements="16" coveredstatements="3" conditionals="12" coveredconditionals="1" methods="4" coveredmethods="1"/>
        <line num="19" count="17" type="stmt"/>
        <line num="20" count="16" type="stmt"/>
        <line num="22" count="16" type="cond" truecount="1" falsecount="1"/>
        <line num="23" count="0" type="stmt"/>
        <line num="25" count="0" type="stmt"/>
        <line num="27" count="0" type="stmt"/>
        <line num="29" count="0" type="stmt"/>
        <line num="30" count="0" type="stmt"/>
        <line num="31" count="0" type="stmt"/>
        <line num="34" count="0" type="stmt"/>
        <line num="36" count="0" type="stmt"/>
        <line num="37" count="0" type="stmt"/>
        <line num="39" count="0" type="cond" truecount="0" falsecount="2"/>
        <line num="40" count="0" type="stmt"/>
        <line num="42" count="0" type="stmt"/>
        <line num="46" count="0" type="stmt"/>
      </file>
    </package>
  </project>
</coverage>
