{"/home/juan/Documentos/Digital-House/Frontend-Specialist-2/Examen-Final/examen-final-FS2/src/test-utils.tsx": {"path":"/home/juan/Documentos/Digital-House/Frontend-Specialist-2/Examen-Final/examen-final-FS2/src/test-utils.tsx","statementMap":{"0":{"start":{"line":18,"column":4},"end":{"line":18,"column":57}},"1":{"start":{"line":20,"column":2},"end":{"line":20,"column":63}}},"fnMap":{"0":{"name":"render","decl":{"start":{"line":13,"column":9},"end":{"line":13,"column":15}},"loc":{"start":{"line":16,"column":2},"end":{"line":21,"column":1}},"line":16},"1":{"name":"Wrapper","decl":{"start":{"line":17,"column":11},"end":{"line":17,"column":18}},"loc":{"start":{"line":17,"column":65},"end":{"line":19,"column":3}},"line":17}},"branchMap":{"0":{"loc":{"start":{"line":15,"column":2},"end":{"line":15,"column":143}},"type":"default-arg","locations":[{"start":{"line":15,"column":141},"end":{"line":15,"column":143}}],"line":15},"1":{"loc":{"start":{"line":15,"column":20},"end":{"line":15,"column":96}},"type":"default-arg","locations":[{"start":{"line":15,"column":28},"end":{"line":15,"column":96}}],"line":15}},"s":{"0":8,"1":4},"f":{"0":4,"1":8},"b":{"0":[4],"1":[4]},"_coverageSchema":"1a1c01bbd47fc00a2c39e90264f33305004495a9","hash":"8cab35ba4cf8fc1d4eaf3dbd18e6d293bf367bdf"}
,"/home/juan/Documentos/Digital-House/Frontend-Specialist-2/Examen-Final/examen-final-FS2/src/app/constants.ts": {"path":"/home/juan/Documentos/Digital-House/Frontend-Specialist-2/Examen-Final/examen-final-FS2/src/app/constants.ts","statementMap":{"0":{"start":{"line":1,"column":23},"end":{"line":1,"column":69}}},"fnMap":{},"branchMap":{},"s":{"0":1},"f":{},"b":{},"_coverageSchema":"1a1c01bbd47fc00a2c39e90264f33305004495a9","hash":"7b2e355b60c04404e599939a32e3ebb1f567282d"}
,"/home/juan/Documentos/Digital-House/Frontend-Specialist-2/Examen-Final/examen-final-FS2/src/features/bio/Bio.tsx": {"path":"/home/juan/Documentos/Digital-House/Frontend-Specialist-2/Examen-Final/examen-final-FS2/src/features/bio/Bio.tsx","statementMap":{"0":{"start":{"line":9,"column":12},"end":{"line":54,"column":1}},"1":{"start":{"line":10,"column":36},"end":{"line":12,"column":3}},"2":{"start":{"line":14,"column":53},"end":{"line":15,"column":39}},"3":{"start":{"line":15,"column":4},"end":{"line":15,"column":39}},"4":{"start":{"line":17,"column":23},"end":{"line":31,"column":3}},"5":{"start":{"line":18,"column":4},"end":{"line":30,"column":7}},"6":{"start":{"line":19,"column":6},"end":{"line":29,"column":15}},"7":{"start":{"line":21,"column":23},"end":{"line":21,"column":57}},"8":{"start":{"line":33,"column":2},"end":{"line":53,"column":4}}},"fnMap":{"0":{"name":"(anonymous_0)","decl":{"start":{"line":9,"column":12},"end":{"line":9,"column":13}},"loc":{"start":{"line":9,"column":18},"end":{"line":54,"column":1}},"line":9},"1":{"name":"(anonymous_1)","decl":{"start":{"line":14,"column":53},"end":{"line":14,"column":54}},"loc":{"start":{"line":15,"column":4},"end":{"line":15,"column":39}},"line":15},"2":{"name":"(anonymous_2)","decl":{"start":{"line":17,"column":23},"end":{"line":17,"column":24}},"loc":{"start":{"line":17,"column":29},"end":{"line":31,"column":3}},"line":17},"3":{"name":"(anonymous_3)","decl":{"start":{"line":18,"column":42},"end":{"line":18,"column":43}},"loc":{"start":{"line":19,"column":6},"end":{"line":29,"column":15}},"line":19},"4":{"name":"(anonymous_4)","decl":{"start":{"line":21,"column":17},"end":{"line":21,"column":18}},"loc":{"start":{"line":21,"column":23},"end":{"line":21,"column":57}},"line":21}},"branchMap":{"0":{"loc":{"start":{"line":23,"column":10},"end":{"line":25,"column":32}},"type":"cond-expr","locations":[{"start":{"line":24,"column":14},"end":{"line":24,"column":30}},{"start":{"line":25,"column":14},"end":{"line":25,"column":32}}],"line":23}},"s":{"0":1,"1":4,"2":4,"3":1,"4":4,"5":4,"6":20,"7":1,"8":4},"f":{"0":4,"1":1,"2":4,"3":20,"4":1},"b":{"0":[4,16]},"_coverageSchema":"1a1c01bbd47fc00a2c39e90264f33305004495a9","hash":"bb63ebd54e52b8d5bf07f9d8cf1e0b089fda9ca6"}
,"/home/juan/Documentos/Digital-House/Frontend-Specialist-2/Examen-Final/examen-final-FS2/src/features/news/ModalSuscripcion.tsx": {"path":"/home/juan/Documentos/Digital-House/Frontend-Specialist-2/Examen-Final/examen-final-FS2/src/features/news/ModalSuscripcion.tsx","statementMap":{"0":{"start":{"line":25,"column":25},"end":{"line":45,"column":1}},"1":{"start":{"line":27,"column":4},"end":{"line":44,"column":4}},"2":{"start":{"line":30,"column":36},"end":{"line":30,"column":54}}},"fnMap":{"0":{"name":"(anonymous_0)","decl":{"start":{"line":25,"column":25},"end":{"line":25,"column":26}},"loc":{"start":{"line":25,"column":72},"end":{"line":45,"column":1}},"line":25},"1":{"name":"(anonymous_1)","decl":{"start":{"line":30,"column":30},"end":{"line":30,"column":31}},"loc":{"start":{"line":30,"column":36},"end":{"line":30,"column":54}},"line":30}},"branchMap":{},"s":{"0":2,"1":3,"2":1},"f":{"0":3,"1":1},"b":{},"_coverageSchema":"1a1c01bbd47fc00a2c39e90264f33305004495a9","hash":"2a93f0e33405dcca0b77e3bd7c4dcaad6322b357"}
,"/home/juan/Documentos/Digital-House/Frontend-Specialist-2/Examen-Final/examen-final-FS2/src/features/news/Noticia.tsx": {"path":"/home/juan/Documentos/Digital-House/Frontend-Specialist-2/Examen-Final/examen-final-FS2/src/features/news/Noticia.tsx","statementMap":{"0":{"start":{"line":17,"column":16},"end":{"line":27,"column":1}},"1":{"start":{"line":18,"column":2},"end":{"line":26,"column":4}},"2":{"start":{"line":24,"column":35},"end":{"line":24,"column":57}}},"fnMap":{"0":{"name":"(anonymous_0)","decl":{"start":{"line":17,"column":16},"end":{"line":17,"column":17}},"loc":{"start":{"line":17,"column":55},"end":{"line":27,"column":1}},"line":17},"1":{"name":"(anonymous_1)","decl":{"start":{"line":24,"column":29},"end":{"line":24,"column":30}},"loc":{"start":{"line":24,"column":35},"end":{"line":24,"column":57}},"line":24}},"branchMap":{},"s":{"0":2,"1":11,"2":3},"f":{"0":11,"1":3},"b":{},"_coverageSchema":"1a1c01bbd47fc00a2c39e90264f33305004495a9","hash":"0acdc21be92ea8770dde5878be1c2e1d784944d8"}
,"/home/juan/Documentos/Digital-House/Frontend-Specialist-2/Examen-Final/examen-final-FS2/src/features/news/Noticias.tsx": {"path":"/home/juan/Documentos/Digital-House/Frontend-Specialist-2/Examen-Final/examen-final-FS2/src/features/news/Noticias.tsx","statementMap":{"0":{"start":{"line":27,"column":17},"end":{"line":81,"column":1}},"1":{"start":{"line":28,"column":34},"end":{"line":28,"column":71}},"2":{"start":{"line":29,"column":28},"end":{"line":29,"column":72}},"3":{"start":{"line":31,"column":2},"end":{"line":49,"column":9}},"4":{"start":{"line":32,"column":31},"end":{"line":46,"column":5}},"5":{"start":{"line":33,"column":24},"end":{"line":33,"column":47}},"6":{"start":{"line":35,"column":19},"end":{"line":43,"column":9}},"7":{"start":{"line":35,"column":41},"end":{"line":43,"column":7}},"8":{"start":{"line":45,"column":6},"end":{"line":45,"column":24}},"9":{"start":{"line":48,"column":4},"end":{"line":48,"column":25}},"10":{"start":{"line":51,"column":28},"end":{"line":53,"column":3}},"11":{"start":{"line":52,"column":4},"end":{"line":52,"column":22}},"12":{"start":{"line":55,"column":31},"end":{"line":60,"column":3}},"13":{"start":{"line":56,"column":4},"end":{"line":59,"column":13}},"14":{"start":{"line":57,"column":6},"end":{"line":57,"column":26}},"15":{"start":{"line":58,"column":6},"end":{"line":58,"column":21}},"16":{"start":{"line":62,"column":2},"end":{"line":80,"column":4}},"17":{"start":{"line":67,"column":10},"end":{"line":71,"column":12}}},"fnMap":{"0":{"name":"(anonymous_0)","decl":{"start":{"line":27,"column":17},"end":{"line":27,"column":18}},"loc":{"start":{"line":27,"column":23},"end":{"line":81,"column":1}},"line":27},"1":{"name":"(anonymous_1)","decl":{"start":{"line":31,"column":12},"end":{"line":31,"column":13}},"loc":{"start":{"line":31,"column":18},"end":{"line":49,"column":3}},"line":31},"2":{"name":"(anonymous_2)","decl":{"start":{"line":32,"column":31},"end":{"line":32,"column":32}},"loc":{"start":{"line":32,"column":43},"end":{"line":46,"column":5}},"line":32},"3":{"name":"(anonymous_3)","decl":{"start":{"line":35,"column":33},"end":{"line":35,"column":34}},"loc":{"start":{"line":35,"column":41},"end":{"line":43,"column":7}},"line":35},"4":{"name":"(anonymous_4)","decl":{"start":{"line":51,"column":28},"end":{"line":51,"column":29}},"loc":{"start":{"line":51,"column":64},"end":{"line":53,"column":3}},"line":51},"5":{"name":"(anonymous_5)","decl":{"start":{"line":55,"column":31},"end":{"line":55,"column":32}},"loc":{"start":{"line":55,"column":37},"end":{"line":60,"column":3}},"line":55},"6":{"name":"(anonymous_6)","decl":{"start":{"line":56,"column":15},"end":{"line":56,"column":16}},"loc":{"start":{"line":56,"column":21},"end":{"line":59,"column":5}},"line":56},"7":{"name":"(anonymous_7)","decl":{"start":{"line":66,"column":22},"end":{"line":66,"column":23}},"loc":{"start":{"line":67,"column":10},"end":{"line":71,"column":12}},"line":67}},"branchMap":{"0":{"loc":{"start":{"line":74,"column":7},"end":{"line":78,"column":14}},"type":"cond-expr","locations":[{"start":{"line":75,"column":8},"end":{"line":75,"column":91}},{"start":{"line":76,"column":10},"end":{"line":78,"column":14}}],"line":74},"1":{"loc":{"start":{"line":74,"column":7},"end":{"line":74,"column":31}},"type":"binary-expr","locations":[{"start":{"line":74,"column":7},"end":{"line":74,"column":12}},{"start":{"line":74,"column":16},"end":{"line":74,"column":31}}],"line":74},"2":{"loc":{"start":{"line":76,"column":10},"end":{"line":78,"column":14}},"type":"cond-expr","locations":[{"start":{"line":77,"column":8},"end":{"line":77,"column":63}},{"start":{"line":78,"column":10},"end":{"line":78,"column":14}}],"line":76}},"s":{"0":1,"1":10,"2":10,"3":10,"4":5,"5":5,"6":5,"7":12,"8":5,"9":5,"10":10,"11":2,"12":10,"13":0,"14":0,"15":0,"16":10,"17":10},"f":{"0":10,"1":5,"2":5,"3":12,"4":2,"5":0,"6":0,"7":10},"b":{"0":[1,9],"1":[10,2],"2":[1,8]},"_coverageSchema":"1a1c01bbd47fc00a2c39e90264f33305004495a9","hash":"6fe7d00bb2872d36496697a73c80848cc7f55dac"}
,"/home/juan/Documentos/Digital-House/Frontend-Specialist-2/Examen-Final/examen-final-FS2/src/features/news/fakeRest.ts": {"path":"/home/juan/Documentos/Digital-House/Frontend-Specialist-2/Examen-Final/examen-final-FS2/src/features/news/fakeRest.ts","statementMap":{"0":{"start":{"line":10,"column":74},"end":{"line":16,"column":1}},"1":{"start":{"line":13,"column":13},"end":{"line":13,"column":23}},"2":{"start":{"line":14,"column":2},"end":{"line":14,"column":70}},"3":{"start":{"line":15,"column":2},"end":{"line":15,"column":14}},"4":{"start":{"line":18,"column":13},"end":{"line":63,"column":1}},"5":{"start":{"line":65,"column":59},"end":{"line":71,"column":1}},"6":{"start":{"line":66,"column":2},"end":{"line":70,"column":5}},"7":{"start":{"line":67,"column":4},"end":{"line":69,"column":13}},"8":{"start":{"line":68,"column":6},"end":{"line":68,"column":20}}},"fnMap":{"0":{"name":"(anonymous_0)","decl":{"start":{"line":10,"column":74},"end":{"line":10,"column":75}},"loc":{"start":{"line":12,"column":5},"end":{"line":16,"column":1}},"line":12},"1":{"name":"(anonymous_1)","decl":{"start":{"line":65,"column":59},"end":{"line":65,"column":60}},"loc":{"start":{"line":65,"column":71},"end":{"line":71,"column":1}},"line":65},"2":{"name":"(anonymous_2)","decl":{"start":{"line":66,"column":21},"end":{"line":66,"column":22}},"loc":{"start":{"line":66,"column":34},"end":{"line":70,"column":3}},"line":66},"3":{"name":"(anonymous_3)","decl":{"start":{"line":67,"column":15},"end":{"line":67,"column":16}},"loc":{"start":{"line":67,"column":21},"end":{"line":69,"column":5}},"line":67}},"branchMap":{},"s":{"0":1,"1":3,"2":3,"3":3,"4":1,"5":1,"6":2,"7":2,"8":2},"f":{"0":3,"1":2,"2":2,"3":2},"b":{},"_coverageSchema":"1a1c01bbd47fc00a2c39e90264f33305004495a9","hash":"6589581173abaef40633ff900742839095a7fdf9"}
,"/home/juan/Documentos/Digital-House/Frontend-Specialist-2/Examen-Final/examen-final-FS2/src/features/quote/Cita.tsx": {"path":"/home/juan/Documentos/Digital-House/Frontend-Specialist-2/Examen-Final/examen-final-FS2/src/features/quote/Cita.tsx","statementMap":{"0":{"start":{"line":19,"column":38},"end":{"line":19,"column":50}},"1":{"start":{"line":20,"column":28},"end":{"line":20,"column":40}},"2":{"start":{"line":22,"column":4},"end":{"line":22,"column":60}},"3":{"start":{"line":23,"column":23},"end":{"line":23,"column":61}},"4":{"start":{"line":25,"column":19},"end":{"line":25,"column":35}},"5":{"start":{"line":27,"column":29},"end":{"line":27,"column":75}},"6":{"start":{"line":27,"column":35},"end":{"line":27,"column":75}},"7":{"start":{"line":29,"column":24},"end":{"line":32,"column":3}},"8":{"start":{"line":30,"column":4},"end":{"line":30,"column":24}},"9":{"start":{"line":31,"column":4},"end":{"line":31,"column":22}},"10":{"start":{"line":34,"column":28},"end":{"line":44,"column":3}},"11":{"start":{"line":36,"column":4},"end":{"line":36,"column":37}},"12":{"start":{"line":37,"column":28},"end":{"line":37,"column":57}},"13":{"start":{"line":39,"column":4},"end":{"line":43,"column":5}},"14":{"start":{"line":40,"column":6},"end":{"line":40,"column":57}},"15":{"start":{"line":42,"column":6},"end":{"line":42,"column":19}},"16":{"start":{"line":46,"column":2},"end":{"line":67,"column":4}}},"fnMap":{"0":{"name":"Cita","decl":{"start":{"line":18,"column":9},"end":{"line":18,"column":13}},"loc":{"start":{"line":18,"column":16},"end":{"line":68,"column":1}},"line":18},"1":{"name":"(anonymous_1)","decl":{"start":{"line":27,"column":29},"end":{"line":27,"column":30}},"loc":{"start":{"line":27,"column":35},"end":{"line":27,"column":75}},"line":27},"2":{"name":"(anonymous_2)","decl":{"start":{"line":29,"column":24},"end":{"line":29,"column":25}},"loc":{"start":{"line":29,"column":30},"end":{"line":32,"column":3}},"line":29},"3":{"name":"(anonymous_3)","decl":{"start":{"line":34,"column":28},"end":{"line":34,"column":29}},"loc":{"start":{"line":34,"column":76},"end":{"line":44,"column":3}},"line":34}},"branchMap":{"0":{"loc":{"start":{"line":21,"column":10},"end":{"line":21,"column":19}},"type":"default-arg","locations":[{"start":{"line":21,"column":17},"end":{"line":21,"column":19}}],"line":21},"1":{"loc":{"start":{"line":21,"column":21},"end":{"line":21,"column":35}},"type":"default-arg","locations":[{"start":{"line":21,"column":33},"end":{"line":21,"column":35}}],"line":21},"2":{"loc":{"start":{"line":22,"column":4},"end":{"line":22,"column":60}},"type":"binary-expr","locations":[{"start":{"line":22,"column":4},"end":{"line":22,"column":54}},{"start":{"line":22,"column":58},"end":{"line":22,"column":60}}],"line":22},"3":{"loc":{"start":{"line":39,"column":4},"end":{"line":43,"column":5}},"type":"if","locations":[{"start":{"line":39,"column":4},"end":{"line":43,"column":5}},{"start":{"line":41,"column":11},"end":{"line":43,"column":5}}],"line":39},"4":{"loc":{"start":{"line":56,"column":7},"end":{"line":56,"column":93}},"type":"binary-expr","locations":[{"start":{"line":56,"column":7},"end":{"line":56,"column":12}},{"start":{"line":56,"column":16},"end":{"line":56,"column":93}}],"line":56},"5":{"loc":{"start":{"line":58,"column":20},"end":{"line":58,"column":74}},"type":"cond-expr","locations":[{"start":{"line":58,"column":33},"end":{"line":58,"column":47}},{"start":{"line":58,"column":50},"end":{"line":58,"column":74}}],"line":58},"6":{"loc":{"start":{"line":61,"column":9},"end":{"line":61,"column":63}},"type":"cond-expr","locations":[{"start":{"line":61,"column":22},"end":{"line":61,"column":36}},{"start":{"line":61,"column":39},"end":{"line":61,"column":63}}],"line":61}},"s":{"0":17,"1":16,"2":16,"3":0,"4":0,"5":0,"6":0,"7":0,"8":0,"9":0,"10":0,"11":0,"12":0,"13":0,"14":0,"15":0,"16":0},"f":{"0":17,"1":0,"2":0,"3":0},"b":{"0":[0],"1":[0],"2":[16,0],"3":[0,0],"4":[0,0],"5":[0,0],"6":[0,0]},"_coverageSchema":"1a1c01bbd47fc00a2c39e90264f33305004495a9","hash":"9996d663d5dd860cafe72c3a49bcef683aefaba9"}
}
